<?xml version="1.0" encoding="UTF-8"?>
<!-- Generated by org.testng.reporters.JUnitXMLReporter -->
<testsuite hostname="suraj-pc" name="Data_driven_test" tests="6" failures="0" timestamp="20 Aug 2021 09:55:53 GMT" time="83.386" errors="0">
  <testcase name="reg" time="8.611" classname="Access.home1"/>
  <testcase name="reg" time="7.276" classname="Access.home1"/>
  <testcase name="reg" time="7.924" classname="Access.home1"/>
  <testcase name="reg" time="8.312" classname="Access.home1"/>
  <testcase name="reg" time="6.611" classname="Access.home1"/>
  <testcase name="reg" time="7.588" classname="Access.home1"/>
</testsuite> <!-- Data_driven_test -->
