<?xml version="1.0" encoding="UTF-8"?>
<testng-results skipped="0" failed="0" total="6" passed="6">
  <reporter-output>
  </reporter-output>
  <suite name="jhar_check" duration-ms="83386" started-at="2021-08-20T09:54:30Z" finished-at="2021-08-20T09:55:53Z">
    <groups>
    </groups>
    <test name="Data_driven_test" duration-ms="83386" started-at="2021-08-20T09:54:30Z" finished-at="2021-08-20T09:55:53Z">
      <class name="Access.home1">
        <test-method status="PASS" signature="browser(java.lang.String)[pri:0, instance:Access.home1@5442a311]" name="browser" is-config="true" duration-ms="8065" started-at="2021-08-20T15:24:31Z" finished-at="2021-08-20T15:24:39Z">
          <params>
            <param index="0">
              <value>
                <![CDATA[https://jharnibandhan.gov.in/]]>
              </value>
            </param>
          </params>
          <reporter-output>
          </reporter-output>
        </test-method> <!-- browser -->
        <test-method status="PASS" signature="reg(java.lang.String, java.lang.String, java.lang.String)[pri:0, instance:Access.home1@5442a311]" name="reg" duration-ms="8611" started-at="2021-08-20T15:24:39Z" data-provider="get_test_data" finished-at="2021-08-20T15:24:48Z">
          <params>
            <param index="0">
              <value>
                <![CDATA[suraj1]]>
              </value>
            </param>
            <param index="1">
              <value>
                <![CDATA[bhagat1]]>
              </value>
            </param>
            <param index="2">
              <value>
                <![CDATA[suraj.bhagat@gmail.com]]>
              </value>
            </param>
          </params>
          <reporter-output>
          </reporter-output>
        </test-method> <!-- reg -->
        <test-method status="PASS" signature="tear()[pri:0, instance:Access.home1@5442a311]" name="tear" is-config="true" duration-ms="837" started-at="2021-08-20T15:24:48Z" finished-at="2021-08-20T15:24:48Z">
          <reporter-output>
          </reporter-output>
        </test-method> <!-- tear -->
        <test-method status="PASS" signature="browser(java.lang.String)[pri:0, instance:Access.home1@5442a311]" name="browser" is-config="true" duration-ms="4893" started-at="2021-08-20T15:24:48Z" finished-at="2021-08-20T15:24:53Z">
          <params>
            <param index="0">
              <value>
                <![CDATA[https://jharnibandhan.gov.in/]]>
              </value>
            </param>
          </params>
          <reporter-output>
          </reporter-output>
        </test-method> <!-- browser -->
        <test-method status="PASS" signature="reg(java.lang.String, java.lang.String, java.lang.String)[pri:0, instance:Access.home1@5442a311]" name="reg" duration-ms="7276" started-at="2021-08-20T15:24:53Z" data-provider="get_test_data" finished-at="2021-08-20T15:25:01Z">
          <params>
            <param index="0">
              <value>
                <![CDATA[suraj2]]>
              </value>
            </param>
            <param index="1">
              <value>
                <![CDATA[bhagat2]]>
              </value>
            </param>
            <param index="2">
              <value>
                <![CDATA[suraj.bhagat1@gmail.com]]>
              </value>
            </param>
          </params>
          <reporter-output>
          </reporter-output>
        </test-method> <!-- reg -->
        <test-method status="PASS" signature="tear()[pri:0, instance:Access.home1@5442a311]" name="tear" is-config="true" duration-ms="755" started-at="2021-08-20T15:25:01Z" finished-at="2021-08-20T15:25:01Z">
          <reporter-output>
          </reporter-output>
        </test-method> <!-- tear -->
        <test-method status="PASS" signature="browser(java.lang.String)[pri:0, instance:Access.home1@5442a311]" name="browser" is-config="true" duration-ms="4646" started-at="2021-08-20T15:25:01Z" finished-at="2021-08-20T15:25:06Z">
          <params>
            <param index="0">
              <value>
                <![CDATA[https://jharnibandhan.gov.in/]]>
              </value>
            </param>
          </params>
          <reporter-output>
          </reporter-output>
        </test-method> <!-- browser -->
        <test-method status="PASS" signature="reg(java.lang.String, java.lang.String, java.lang.String)[pri:0, instance:Access.home1@5442a311]" name="reg" duration-ms="7924" started-at="2021-08-20T15:25:06Z" data-provider="get_test_data" finished-at="2021-08-20T15:25:14Z">
          <params>
            <param index="0">
              <value>
                <![CDATA[suraj3]]>
              </value>
            </param>
            <param index="1">
              <value>
                <![CDATA[bhagat3]]>
              </value>
            </param>
            <param index="2">
              <value>
                <![CDATA[suraj.bhagat2@gmail.com]]>
              </value>
            </param>
          </params>
          <reporter-output>
          </reporter-output>
        </test-method> <!-- reg -->
        <test-method status="PASS" signature="tear()[pri:0, instance:Access.home1@5442a311]" name="tear" is-config="true" duration-ms="714" started-at="2021-08-20T15:25:14Z" finished-at="2021-08-20T15:25:15Z">
          <reporter-output>
          </reporter-output>
        </test-method> <!-- tear -->
        <test-method status="PASS" signature="browser(java.lang.String)[pri:0, instance:Access.home1@5442a311]" name="browser" is-config="true" duration-ms="4598" started-at="2021-08-20T15:25:15Z" finished-at="2021-08-20T15:25:19Z">
          <params>
            <param index="0">
              <value>
                <![CDATA[https://jharnibandhan.gov.in/]]>
              </value>
            </param>
          </params>
          <reporter-output>
          </reporter-output>
        </test-method> <!-- browser -->
        <test-method status="PASS" signature="reg(java.lang.String, java.lang.String, java.lang.String)[pri:0, instance:Access.home1@5442a311]" name="reg" duration-ms="8312" started-at="2021-08-20T15:25:19Z" data-provider="get_test_data" finished-at="2021-08-20T15:25:27Z">
          <params>
            <param index="0">
              <value>
                <![CDATA[suraj4]]>
              </value>
            </param>
            <param index="1">
              <value>
                <![CDATA[bhagat4]]>
              </value>
            </param>
            <param index="2">
              <value>
                <![CDATA[suraj.bhagat3@gmail.com]]>
              </value>
            </param>
          </params>
          <reporter-output>
          </reporter-output>
        </test-method> <!-- reg -->
        <test-method status="PASS" signature="tear()[pri:0, instance:Access.home1@5442a311]" name="tear" is-config="true" duration-ms="1162" started-at="2021-08-20T15:25:27Z" finished-at="2021-08-20T15:25:29Z">
          <reporter-output>
          </reporter-output>
        </test-method> <!-- tear -->
        <test-method status="PASS" signature="browser(java.lang.String)[pri:0, instance:Access.home1@5442a311]" name="browser" is-config="true" duration-ms="4430" started-at="2021-08-20T15:25:29Z" finished-at="2021-08-20T15:25:33Z">
          <params>
            <param index="0">
              <value>
                <![CDATA[https://jharnibandhan.gov.in/]]>
              </value>
            </param>
          </params>
          <reporter-output>
          </reporter-output>
        </test-method> <!-- browser -->
        <test-method status="PASS" signature="reg(java.lang.String, java.lang.String, java.lang.String)[pri:0, instance:Access.home1@5442a311]" name="reg" duration-ms="6611" started-at="2021-08-20T15:25:33Z" data-provider="get_test_data" finished-at="2021-08-20T15:25:40Z">
          <params>
            <param index="0">
              <value>
                <![CDATA[suraj5]]>
              </value>
            </param>
            <param index="1">
              <value>
                <![CDATA[bhagat5]]>
              </value>
            </param>
            <param index="2">
              <value>
                <![CDATA[suraj.bhagat4@gmail.com]]>
              </value>
            </param>
          </params>
          <reporter-output>
          </reporter-output>
        </test-method> <!-- reg -->
        <test-method status="PASS" signature="tear()[pri:0, instance:Access.home1@5442a311]" name="tear" is-config="true" duration-ms="694" started-at="2021-08-20T15:25:40Z" finished-at="2021-08-20T15:25:40Z">
          <reporter-output>
          </reporter-output>
        </test-method> <!-- tear -->
        <test-method status="PASS" signature="browser(java.lang.String)[pri:0, instance:Access.home1@5442a311]" name="browser" is-config="true" duration-ms="4173" started-at="2021-08-20T15:25:40Z" finished-at="2021-08-20T15:25:45Z">
          <params>
            <param index="0">
              <value>
                <![CDATA[https://jharnibandhan.gov.in/]]>
              </value>
            </param>
          </params>
          <reporter-output>
          </reporter-output>
        </test-method> <!-- browser -->
        <test-method status="PASS" signature="reg(java.lang.String, java.lang.String, java.lang.String)[pri:0, instance:Access.home1@5442a311]" name="reg" duration-ms="7588" started-at="2021-08-20T15:25:45Z" data-provider="get_test_data" finished-at="2021-08-20T15:25:52Z">
          <params>
            <param index="0">
              <value>
                <![CDATA[suraj6]]>
              </value>
            </param>
            <param index="1">
              <value>
                <![CDATA[bhagat6]]>
              </value>
            </param>
            <param index="2">
              <value>
                <![CDATA[suraj.bhagat5@gmail.com]]>
              </value>
            </param>
          </params>
          <reporter-output>
          </reporter-output>
        </test-method> <!-- reg -->
        <test-method status="PASS" signature="tear()[pri:0, instance:Access.home1@5442a311]" name="tear" is-config="true" duration-ms="1099" started-at="2021-08-20T15:25:52Z" finished-at="2021-08-20T15:25:53Z">
          <reporter-output>
          </reporter-output>
        </test-method> <!-- tear -->
      </class> <!-- Access.home1 -->
    </test> <!-- Data_driven_test -->
  </suite> <!-- jhar_check -->
</testng-results>
